2024-02-02 23:30:55.745096 - [Apple Music Releases LookApp] - [V] Done!
2024-02-02 23:30:48.774281 - [Apple Music Releases LookApp] - Слот - 1 new records: 1 releases, 0 covers
2024-02-02 23:29:39.204852 - [Apple Music Releases LookApp] - Баста - 1 new records: 1 releases, 0 covers
2024-02-02 23:29:08.284710 - [Apple Music Releases LookApp] - Yelawolf - 1 new records: 1 releases, 0 covers
2024-02-02 23:28:37.133768 - [Apple Music Releases LookApp] - Wolfgang Gartner - 5 new records: 5 releases, 0 covers
2024-02-02 23:23:41.123353 - [Apple Music Releases LookApp] - The Veronicas - 1 new records: 0 releases, 1 covers
2024-02-02 23:23:22.826799 - [Apple Music Releases LookApp] - The Shredderz - ru - EMPTY
2024-02-02 23:22:27.825025 - [Apple Music Releases LookApp] - The Hallo Effect - 3 new records: 3 releases, 0 covers
2024-02-02 23:22:11.266706 - [Apple Music Releases LookApp] - The Dark Side of the Moon - ru - EMPTY
2024-02-02 23:21:22.022268 - [Apple Music Releases LookApp] - The Animal In Me - 1 new records: 1 releases, 0 covers
2024-02-02 23:18:29.392515 - [Apple Music Releases LookApp] - Stigmata - 9 new records: 9 releases, 0 covers
2024-02-02 23:18:18.452312 - [Apple Music Releases LookApp] - Stellar Circuits - 1 new records: 1 releases, 0 covers
2024-02-02 23:16:43.843966 - [Apple Music Releases LookApp] - Snoop Dogg - 1 new records: 1 releases, 0 covers
2024-02-02 23:16:01.855785 - [Apple Music Releases LookApp] - Slaughter to Prevail - ru - EMPTY
2024-02-02 23:14:39.398196 - [Apple Music Releases LookApp] - Serj Tankian - 1 new records: 1 releases, 0 covers
2024-02-02 23:13:51.209424 - [Apple Music Releases LookApp] - Satan - 1 new records: 1 releases, 0 covers
2024-02-02 23:11:51.577085 - [Apple Music Releases LookApp] - Rage - 1 new records: 1 releases, 0 covers
2024-02-02 23:11:43.414207 - [Apple Music Releases LookApp] - Queen - 1 new records: 1 releases, 0 covers
2024-02-02 23:07:10.780981 - [Apple Music Releases LookApp] - No One - jp - EMPTY
2024-02-02 23:06:28.343878 - [Apple Music Releases LookApp] - Nicki Minaj - 2 new records: 2 releases, 0 covers
2024-02-02 23:04:56.632192 - [Apple Music Releases LookApp] - Motorhead - 4 new records: 4 releases, 0 covers
2024-02-02 23:04:07.943498 - [Apple Music Releases LookApp] - Miss Fortune - 1 new records: 1 releases, 0 covers
2024-02-02 23:02:37.045887 - [Apple Music Releases LookApp] - Maximum the Hormone - jp - EMPTY
2024-02-02 23:01:28.205707 - [Apple Music Releases LookApp] - Maitre Gims - 1 new records: 1 releases, 0 covers
2024-02-02 23:01:20.526583 - [Apple Music Releases LookApp] - Madonna - 1 new records: 1 releases, 0 covers
2024-02-02 23:00:51.444365 - [Apple Music Releases LookApp] - Ludovico Einaudi - 1 new records: 1 releases, 0 covers
2024-02-02 23:00:36.614308 - [Apple Music Releases LookApp] - Love and Death - 3 new records: 3 releases, 0 covers
2024-02-02 22:59:19.830767 - [Apple Music Releases LookApp] - Lethal Injektion - 1 new records: 1 releases, 0 covers
2024-02-02 22:58:55.459479 - [Apple Music Releases LookApp] - League of Distortion - ru - EMPTY
2024-02-02 22:57:58.644431 - [Apple Music Releases LookApp] - Kill the Noise - 1 new records: 1 releases, 0 covers
2024-02-02 22:55:16.477034 - [Apple Music Releases LookApp] - Jane Air - 1 new records: 1 releases, 0 covers
2024-02-02 22:48:38.829286 - [Apple Music Releases LookApp] - Five Finger Death Punch - 1 new records: 0 releases, 1 covers
2024-02-02 22:47:30.195239 - [Apple Music Releases LookApp] - Fall Out Boy - 1 new records: 1 releases, 0 covers
2024-02-02 22:44:18.661968 - [Apple Music Releases LookApp] - Draconian - ru - EMPTY
2024-02-02 22:43:47.675999 - [Apple Music Releases LookApp] - Disturbed - 2 new records: 2 releases, 0 covers
2024-02-02 22:41:13.378443 - [Apple Music Releases LookApp] - Deadmau5 - 1 new records: 1 releases, 0 covers
2024-02-02 22:39:27.742078 - [Apple Music Releases LookApp] - DJ Fresh - 2 new records: 2 releases, 0 covers
2024-02-02 22:38:50.194609 - [Apple Music Releases LookApp] - Creed - 1 new records: 1 releases, 0 covers
2024-02-02 22:38:13.167269 - [Apple Music Releases LookApp] - Coldplay - 1 new records: 1 releases, 0 covers
2024-02-02 22:37:17.359274 - [Apple Music Releases LookApp] - Chris Brown - 2 new records: 2 releases, 0 covers
2024-02-02 22:33:35.308932 - [Apple Music Releases LookApp] - Bodom After Midnight - ru - EMPTY
2024-02-02 22:32:33.096946 - [Apple Music Releases LookApp] - Black Stone Cherry - 1 new records: 1 releases, 0 covers
2024-02-02 22:32:22.779770 - [Apple Music Releases LookApp] - Black Sabbath - 2 new records: 2 releases, 0 covers
2024-02-02 22:30:44.253177 - [Apple Music Releases LookApp] - Baauer - 3 new records: 0 releases, 3 covers
2024-02-02 22:29:54.055410 - [Apple Music Releases LookApp] - Asking Alexandria - 1 new records: 0 releases, 1 covers
2024-02-02 22:29:33.128610 - [Apple Music Releases LookApp] - Artillery - 1 new records: 1 releases, 0 covers
2024-02-02 22:27:27.517573 - [Apple Music Releases LookApp] - Alicia Keys - 1 new records: 1 releases, 0 covers
2024-02-02 22:25:54.720472 - [Apple Music Releases LookApp] - 3rd Strike - ru - EMPTY
2024-02-02 22:25:35.741061 - [Apple Music Releases LookApp] - v.2.024 [GitHub] (c)&(p) 2022-2024 by Viktor 'MushroomOFF' Gribov
2024-02-02 20:02:24.940991 - [Apple Music Releases LookApp] - [V] Done!
2024-02-02 20:02:23.939129 - [Apple Music Releases LookApp] - Black Sabbath - 2 new records: 2 releases, 0 covers
2024-02-02 20:02:18.927803 - [Apple Music Releases LookApp] - v.2.024 [GitHub] (c)&(p) 2022-2024 by Viktor 'MushroomOFF' Gribov
2024-02-02 19:56:41.053680 - [Apple Music Releases LookApp] - [V] Done!
2024-02-02 19:56:41.049954 - [Apple Music Releases LookApp] - v.2.024 [GitHub] (c)&(p) 2022-2024 by Viktor 'MushroomOFF' Gribov
2024-02-02 13:07:14.947381 - [Apple Music New Releases] - Comming Soon   - OK
2024-02-02 13:06:51.662774 - [Apple Music New Releases] - Hard Rock [RU] - OK
2024-02-02 13:06:47.595064 - [Apple Music New Releases] - Metal [RU]     - OK
2024-02-02 13:06:44.198014 - [Apple Music New Releases] - Hard Rock [US] - OK
2024-02-02 13:06:37.561245 - [Apple Music New Releases] - Metal [US]     - OK
2024-02-02 13:06:30.501902 - [Apple Music New Releases] - v.2.024 [GitHub] (c)&(p) 2022-2024 by Viktor 'MushroomOFF' Gribov
2024-02-02 12:32:56.083029 - [Apple Music New Releases] - Comming Soon   - OK
2024-02-02 12:32:33.028550 - [Apple Music New Releases] - Hard Rock [RU] - OK
2024-02-02 12:32:29.531280 - [Apple Music New Releases] - Metal [RU]     - OK
2024-02-02 12:32:26.118176 - [Apple Music New Releases] - Hard Rock [US] - OK
2024-02-02 12:32:19.345906 - [Apple Music New Releases] - Metal [US]     - OK
2024-02-02 12:32:12.378544 - [Apple Music New Releases] - v.2.024 [GitHub] (c)&(p) 2022-2024 by Viktor 'MushroomOFF' Gribov
2024-02-02 12:21:21.652230 - [Apple Music New Releases] - Comming Soon   - OK
2024-02-02 12:20:58.622676 - [Apple Music New Releases] - Hard Rock [RU] - OK
2024-02-02 12:20:54.969310 - [Apple Music New Releases] - Metal [RU]     - OK
2024-02-02 12:20:51.475475 - [Apple Music New Releases] - Hard Rock [US] - OK
2024-02-02 12:20:44.449285 - [Apple Music New Releases] - Metal [US]     - OK
2024-02-02 12:20:37.563423 - [Apple Music New Releases] - v.2.024 [GitHub] (c)&(p) 2022-2024 by Viktor 'MushroomOFF' Gribov
2024-02-02 08:26:21.264664 - [Apple Music New Releases] - Comming Soon   - OK
2024-02-02 08:25:56.055427 - [Apple Music New Releases] - Hard Rock [RU] - OK
2024-02-02 08:25:52.465087 - [Apple Music New Releases] - Metal [RU]     - OK
2024-02-02 08:25:49.101672 - [Apple Music New Releases] - Hard Rock [US] - OK
2024-02-02 08:25:42.125848 - [Apple Music New Releases] - Metal [US]     - OK
2024-02-02 08:25:35.147844 - [Apple Music New Releases] - v.2.024 [GitHub] (c)&(p) 2022-2024 by Viktor 'MushroomOFF' Gribov
2024-02-01 14:12:53.836797 - [Apple Music New Releases] - Comming Soon   - OK
2024-02-01 14:12:28.776092 - [Apple Music New Releases] - Hard Rock [RU] - OK
2024-02-01 14:12:24.926684 - [Apple Music New Releases] - Metal [RU]     - OK
2024-02-01 14:12:21.662139 - [Apple Music New Releases] - Hard Rock [US] - OK
2024-02-01 14:12:14.827483 - [Apple Music New Releases] - Metal [US]     - OK
2024-02-01 14:12:08.048955 - [Apple Music New Releases] - v.2.024 [GitHub] (c)&(p) 2022-2024 by Viktor 'MushroomOFF' Gribov
2024-02-01 11:44:32.074422 - [Apple Music New Releases] - Test line
